<?xml version="1.0" encoding="UTF-8"?>
<testsuites name="jest tests" tests="10" failures="0" errors="0" time="4.444">
  <testsuite name="undefined" errors="0" failures="0" skipped="0" timestamp="2021-12-17T17:50:27" time="4.086" tests="10">
    <testcase classname=" get(id) - get one record " name=" get(id) - get one record " time="0.287">
    </testcase>
    <testcase classname=" write(id) - update a record by passing an ID" name=" write(id) - update a record by passing an ID" time="0.244">
    </testcase>
    <testcase classname=" update(id) - update a record on the Database  " name=" update(id) - update a record on the Database  " time="0.178">
    </testcase>
    <testcase classname=" update() - if ID not provided create a new record " name=" update() - if ID not provided create a new record " time="0.25">
    </testcase>
    <testcase classname=" query(obj) - list of records based on the username  " name=" query(obj) - list of records based on the username  " time="0.161">
    </testcase>
    <testcase classname=" error get() - Should return an error: missing data" name=" error get() - Should return an error: missing data" time="0.182">
    </testcase>
    <testcase classname=" error write() - Should return an error: missing ID" name=" error write() - Should return an error: missing ID" time="0.001">
    </testcase>
    <testcase classname=" error write() - Should return an error: missing data" name=" error write() - Should return an error: missing data" time="0.175">
    </testcase>
    <testcase classname=" error update() - Should return an error: update a record fails " name=" error update() - Should return an error: update a record fails " time="0.187">
    </testcase>
    <testcase classname=" error query() - Should return an error: missing paramenters like username" name=" error query() - Should return an error: missing paramenters like username" time="0.16">
    </testcase>
  </testsuite>
</testsuites>